<?xml version="1.0" encoding="UTF-8"?>
<!-- Generated by org.testng.reporters.JUnitReportReporter -->
<testsuite hostname="DESKTOP-3R5TTIF" failures="0" tests="1" name="Organization_Module.CreateOrganizationTest" time="66.559" errors="0" timestamp="2025-04-08T14:57:55 IST" skipped="0">
  <testcase classname="Organization_Module.CreateOrganizationTest" name="createOrgTest" time="66.559">
    <system-out>
      <![CDATA[Tom195Test Pass]]>
    </system-out>
  </testcase> <!-- createOrgTest -->
  <system-out>
    <![CDATA[Configure the DB:Connect
BT:Parallel Exe
Launch the browser
Login to the appln
Tom195Test Pass
Logout of the appln
Close the browser
Launch the browser
Login to the appln
Cat2531Test Pass
contact created with start date
contact created with end date
Logout of the appln
Close the browser
Launch the browser
Login to the appln
Tom2021Test Pass
Logout of the appln
Close the browser
Launch the browser
Login to the appln
Jessy1237Test Pass
Jerry1237Test Pass
Logout of the appln
Close the browser
Launch the browser
Login to the appln
Jerry1346Test Pass
Energy : selected proper industry
Partner : selected proper type
Logout of the appln
Close the browser
Launch the browser
Login to the appln
Cat858Test Pass
9876543210'org with ph no Test Pass
Logout of the appln
Close the browser
AT:Parallel Exe
Close DB connection]]>
  </system-out>
</testsuite> <!-- Organization_Module.CreateOrganizationTest -->
