<?xml version="1.0" encoding="UTF-8"?>
<!-- Generated by org.testng.reporters.JUnitReportReporter -->
<testsuite hostname="DESKTOP-3R5TTIF" failures="0" tests="1" name="Organization_Module.CreateOrgScenariosTest" time="22.945" errors="0" timestamp="2025-04-19T14:58:21 IST" skipped="0">
  <testcase classname="Organization_Module.CreateOrgScenariosTest" name="createOrgTest" time="22.945">
    <system-out>
      <![CDATA[createOrgTest--Started--
createOrgTest--Success--]]>
    </system-out>
  </testcase> <!-- createOrgTest -->
  <system-out>
    <![CDATA[Report configuration
Configure the DB:Connect
BT:Parallel Exe
Launch the browser
Login to the appln
createConTest--Started--
createConTest--Success--
Logout of the appln
Close the browser
Launch the browser
Login to the appln
createOrgTest--Started--
createOrgTest--Success--
Logout of the appln
Close the browser
AT:Parallel Exe
Close DB connection]]>
  </system-out>
</testsuite> <!-- Organization_Module.CreateOrgScenariosTest -->
