<?xml version="1.0" encoding="UTF-8"?>
<!-- Generated by org.testng.reporters.JUnitReportReporter -->
<testsuite hostname="DESKTOP-3R5TTIF" failures="0" tests="1" name="Contacts_Module.CreateContactScenariosTest" time="23.605" errors="0" timestamp="2025-04-19T14:58:21 IST" skipped="0">
  <testcase classname="Contacts_Module.CreateContactScenariosTest" name="createConTest" time="23.605">
    <system-out>
      <![CDATA[createConTest--Started--
createConTest--Success--]]>
    </system-out>
  </testcase> <!-- createConTest -->
  <system-out>
    <![CDATA[Report configuration
Configure the DB:Connect
BT:Parallel Exe
Launch the browser
Login to the appln
createConTest--Started--
createConTest--Success--
Logout of the appln
Close the browser
Launch the browser
Login to the appln
createOrgTest--Started--
createOrgTest--Success--
Logout of the appln
Close the browser
AT:Parallel Exe
Close DB connection]]>
  </system-out>
</testsuite> <!-- Contacts_Module.CreateContactScenariosTest -->
